<?xml version="1.0" encoding="UTF-8"?>
<!-- Generated by org.testng.reporters.JUnitReportReporter -->
<testsuite hostname="shri-PC" failures="0" tests="4" name="testjava.SignUpTest" time="2.711" errors="0" timestamp="2022-06-06T21:12:14 IST" skipped="0">
  <testcase classname="testjava.SignUpTest" name="verifyUrlOfPage" time="0.055"/>
  <system-out/>
  <testcase classname="testjava.SignUpTest" name="Lang" time="0.509"/>
  <system-out/>
  <testcase classname="testjava.SignUpTest" name="verifyCreateBtn" time="0.364"/>
  <system-out/>
  <testcase classname="testjava.SignUpTest" name="signupCreds" time="1.783"/>
  <system-out/>
</testsuite> <!-- testjava.SignUpTest -->
